<?xml version="1.0" encoding="UTF-8"?>
<testng-results ignored="0" total="5" passed="4" failed="1" skipped="0">
  <reporter-output>
  </reporter-output>
  <suite started-at="2025-04-21T17:25:03 EET" name="Default suite" finished-at="2025-04-21T17:25:08 EET" duration-ms="4246">
    <groups>
    </groups>
    <test started-at="2025-04-21T17:25:03 EET" name="Default test" finished-at="2025-04-21T17:25:08 EET" duration-ms="4246">
      <class name="sumaya1.myTest">
        <test-method is-config="true" signature="mySetup()[pri:0, instance:sumaya1.myTest@23fb172e]" started-at="2025-04-21T17:25:04 EET" name="mySetup" finished-at="2025-04-21T17:25:05 EET" duration-ms="1507" status="PASS">
          <reporter-output>
          </reporter-output>
        </test-method> <!-- mySetup -->
        <test-method signature="login()[pri:1, instance:sumaya1.myTest@23fb172e]" started-at="2025-04-21T17:25:05 EET" name="login" finished-at="2025-04-21T17:25:06 EET" duration-ms="835" status="PASS">
          <reporter-output>
          </reporter-output>
        </test-method> <!-- login -->
        <test-method signature="addItemToThecart()[pri:2, instance:sumaya1.myTest@23fb172e]" started-at="2025-04-21T17:25:06 EET" name="addItemToThecart" finished-at="2025-04-21T17:25:06 EET" duration-ms="273" status="PASS">
          <reporter-output>
          </reporter-output>
        </test-method> <!-- addItemToThecart -->
        <test-method signature="removeItemFromTheCart()[pri:3, instance:sumaya1.myTest@23fb172e]" started-at="2025-04-21T17:25:06 EET" name="removeItemFromTheCart" finished-at="2025-04-21T17:25:06 EET" duration-ms="141" status="PASS">
          <reporter-output>
          </reporter-output>
        </test-method> <!-- removeItemFromTheCart -->
        <test-method signature="logout()[pri:4, instance:sumaya1.myTest@23fb172e]" started-at="2025-04-21T17:25:06 EET" name="logout" finished-at="2025-04-21T17:25:08 EET" duration-ms="1330" status="PASS">
          <reporter-output>
          </reporter-output>
        </test-method> <!-- logout -->
        <test-method signature="Task()[pri:5, instance:sumaya1.myTest@23fb172e]" started-at="2025-04-21T17:25:08 EET" name="Task" finished-at="2025-04-21T17:25:08 EET" duration-ms="3" status="FAIL">
          <exception class="java.lang.Error">
            <message>
              <![CDATA[Unresolved compilation problem: 
List cannot be resolved to a type
]]>
            </message>
            <full-stacktrace>
              <![CDATA[java.lang.Error: Unresolved compilation problem: 
List cannot be resolved to a type

at sumaya1.myTest.Task(myTest.java:77)
at java.base/jdk.internal.reflect.DirectMethodHandleAccessor.invoke(DirectMethodHandleAccessor.java:103)
at java.base/java.lang.reflect.Method.invoke(Method.java:580)
at org.testng.internal.invokers.MethodInvocationHelper.invokeMethod(MethodInvocationHelper.java:141)
at org.testng.internal.invokers.TestInvoker.invokeMethod(TestInvoker.java:687)
at org.testng.internal.invokers.TestInvoker.invokeTestMethod(TestInvoker.java:230)
at org.testng.internal.invokers.MethodRunner.runInSequence(MethodRunner.java:63)
at org.testng.internal.invokers.TestInvoker$MethodInvocationAgent.invoke(TestInvoker.java:995)
at org.testng.internal.invokers.TestInvoker.invokeTestMethods(TestInvoker.java:203)
at org.testng.internal.invokers.TestMethodWorker.invokeTestMethods(TestMethodWorker.java:154)
at org.testng.internal.invokers.TestMethodWorker.run(TestMethodWorker.java:134)
at java.base/java.util.ArrayList.forEach(ArrayList.java:1596)
at org.testng.TestRunner.privateRun(TestRunner.java:741)
at org.testng.TestRunner.run(TestRunner.java:616)
at org.testng.SuiteRunner.runTest(SuiteRunner.java:421)
at org.testng.SuiteRunner.runSequentially(SuiteRunner.java:413)
at org.testng.SuiteRunner.privateRun(SuiteRunner.java:373)
at org.testng.SuiteRunner.run(SuiteRunner.java:312)
at org.testng.SuiteRunnerWorker.runSuite(SuiteRunnerWorker.java:52)
at org.testng.SuiteRunnerWorker.run(SuiteRunnerWorker.java:95)
at org.testng.TestNG.runSuitesSequentially(TestNG.java:1274)
at org.testng.TestNG.runSuitesLocally(TestNG.java:1208)
at org.testng.TestNG.runSuites(TestNG.java:1112)
at org.testng.TestNG.run(TestNG.java:1079)
at org.testng.remote.AbstractRemoteTestNG.run(AbstractRemoteTestNG.java:115)
at org.testng.remote.RemoteTestNG.initAndRun(RemoteTestNG.java:293)
at org.testng.remote.RemoteTestNG.main(RemoteTestNG.java:91)
]]>
            </full-stacktrace>
          </exception> <!-- java.lang.Error -->
          <reporter-output>
          </reporter-output>
        </test-method> <!-- Task -->
        <test-method is-config="true" signature="myAfterTest()[pri:0, instance:sumaya1.myTest@23fb172e]" started-at="2025-04-21T17:25:08 EET" name="myAfterTest" finished-at="2025-04-21T17:25:08 EET" duration-ms="1" status="PASS">
          <reporter-output>
          </reporter-output>
        </test-method> <!-- myAfterTest -->
      </class> <!-- sumaya1.myTest -->
    </test> <!-- Default test -->
  </suite> <!-- Default suite -->
</testng-results>
